<?xml version="1.0" encoding="UTF-8"?>
<!-- Generated by org.testng.reporters.JUnitXMLReporter -->
<testsuite ignored="0" hostname="DESKTOP-PPD5A5P" failures="0" tests="4" name="Test" time="34.78" errors="0" timestamp="2024-05-31T18:14:13 IST">
  <testcase classname="parallelexecution.AdminUtility" name="password" time="0.239"/>
  <testcase classname="parallelexecution.AdminUtility" name="password" time="0.333"/>
  <testcase classname="parallelexecution.AdminUtility" name="password" time="0.348"/>
  <testcase classname="parallelexecution.AdminUtility" name="username" time="0.244"/>
</testsuite> <!-- Test -->
